<?xml version="1.0" encoding="UTF-8"?>
<!-- Generated by org.testng.reporters.JUnitReportReporter -->
<testsuite hostname="Prat" failures="0" tests="2" name="entrataTests.ResidentPayTest" time="9.988" errors="0" timestamp="2024-03-09T15:07:21 IST" skipped="0">
  <testcase classname="entrataTests.ResidentPayTest" name="isPorductsTabPresent" time="3.885"/>
  <testcase classname="entrataTests.ResidentPayTest" name="navigateToResidentPayPage" time="6.103"/>
</testsuite> <!-- entrataTests.ResidentPayTest -->
