<?xml version="1.0" encoding="UTF-8"?>
<!-- Generated by org.testng.reporters.JUnitReportReporter -->
<testsuite hostname="Prat" failures="0" tests="2" name="entrataTests.ProductsTest" time="11.860" errors="0" timestamp="2024-03-09T13:25:43 IST" skipped="0">
  <testcase classname="entrataTests.ProductsTest" name="navigateToPropertyManagement" time="7.353"/>
  <testcase classname="entrataTests.ProductsTest" name="isProductsTabPresent" time="4.507"/>
</testsuite> <!-- entrataTests.ProductsTest -->
