<?xml version="1.0" encoding="UTF-8"?>
<!-- Generated by org.testng.reporters.JUnitReportReporter -->
<testsuite hostname="Prat" failures="0" tests="3" name="entrataTests.WatchDemoPageTest" time="14.149" errors="0" timestamp="2024-03-09T12:05:31 IST" skipped="0">
  <testcase classname="entrataTests.WatchDemoPageTest" name="navigateToWatchDemoPage" time="10.172"/>
  <testcase classname="entrataTests.WatchDemoPageTest" name="fillWatchDemoForm" time="0.835"/>
  <testcase classname="entrataTests.WatchDemoPageTest" name="launchTest" time="3.142"/>
</testsuite> <!-- entrataTests.WatchDemoPageTest -->
