<?xml version="1.0" encoding="UTF-8"?>
<!-- Generated by org.testng.reporters.JUnitReportReporter -->
<testsuite hostname="Prat" failures="0" tests="5" name="entrataTests.HeaderTest" time="15.457" errors="0" timestamp="2024-03-09T12:05:31 IST" skipped="0">
  <testcase classname="entrataTests.HeaderTest" name="isProductsTabPresentTest" time="3.130"/>
  <testcase classname="entrataTests.HeaderTest" name="isSolutionsTabPresent" time="3.025"/>
  <testcase classname="entrataTests.HeaderTest" name="isResourcesTabPresent" time="3.090"/>
  <testcase classname="entrataTests.HeaderTest" name="isBaseCampTabPresent" time="3.121"/>
  <testcase classname="entrataTests.HeaderTest" name="isSignInButtonPresent" time="3.091"/>
</testsuite> <!-- entrataTests.HeaderTest -->
