<?xml version="1.0" encoding="UTF-8"?>
<!-- Generated by org.testng.reporters.JUnitReportReporter -->
<testsuite hostname="Prat" failures="0" tests="2" name="entrataTests.HomePageTest" time="11.668" errors="0" timestamp="2024-03-08T18:44:10 IST" skipped="0">
  <testcase classname="entrataTests.HomePageTest" name="navigateToWatchDemoPage" time="8.414"/>
  <testcase classname="entrataTests.HomePageTest" name="launchTest" time="3.254"/>
</testsuite> <!-- entrataTests.HomePageTest -->
