<?xml version="1.0" encoding="UTF-8"?>
<!-- Generated by org.testng.reporters.JUnitReportReporter -->
<testsuite hostname="Prat" failures="0" tests="2" name="entrataTests.ProductsTest" time="9.896" errors="0" timestamp="2024-03-09T15:24:09 IST" skipped="0">
  <testcase classname="entrataTests.ProductsTest" name="isProductsTabPresent" time="3.105"/>
  <testcase classname="entrataTests.ProductsTest" name="navigateToPropertyManagement" time="6.791"/>
</testsuite> <!-- entrataTests.ProductsTest -->
