<?xml version="1.0" encoding="UTF-8"?>
<!-- Generated by org.testng.reporters.JUnitReportReporter -->
<testsuite hostname="Prat" failures="0" tests="2" name="entrataTests.ResidentPayTest" time="7.380" errors="0" timestamp="2024-03-09T15:24:09 IST" skipped="0">
  <testcase classname="entrataTests.ResidentPayTest" name="isPorductsTabPresent" time="3.123"/>
  <testcase classname="entrataTests.ResidentPayTest" name="navigateToResidentPayPage" time="4.257"/>
</testsuite> <!-- entrataTests.ResidentPayTest -->
