<?xml version="1.0" encoding="UTF-8"?>
<!-- Generated by org.testng.reporters.JUnitReportReporter -->
<testsuite hostname="Prat" failures="0" tests="3" name="entrataTests.WatchDemoPageTest" time="14.982" errors="0" timestamp="2024-03-09T15:24:09 IST" skipped="0">
  <testcase classname="entrataTests.WatchDemoPageTest" name="navigateToWatchDemoPage" time="10.763"/>
  <testcase classname="entrataTests.WatchDemoPageTest" name="fillWatchDemoForm" time="1.009"/>
  <testcase classname="entrataTests.WatchDemoPageTest" name="launchTest" time="3.210"/>
</testsuite> <!-- entrataTests.WatchDemoPageTest -->
