<?xml version="1.0" encoding="UTF-8"?>
<!-- Generated by org.testng.reporters.JUnitReportReporter -->
<testsuite hostname="Prat" failures="0" tests="5" name="entrataTests.HeaderTest" time="15.450" errors="0" timestamp="2024-03-09T15:24:09 IST" skipped="0">
  <testcase classname="entrataTests.HeaderTest" name="isProductsTabPresentTest" time="3.133"/>
  <testcase classname="entrataTests.HeaderTest" name="isSolutionsTabPresent" time="3.042"/>
  <testcase classname="entrataTests.HeaderTest" name="isResourcesTabPresent" time="3.039"/>
  <testcase classname="entrataTests.HeaderTest" name="isBaseCampTabPresent" time="3.132"/>
  <testcase classname="entrataTests.HeaderTest" name="isSignInButtonPresent" time="3.104"/>
</testsuite> <!-- entrataTests.HeaderTest -->
